Determining if the pthread_create exist failed with the following output:
Change Dir: /home/sebastian/stability_scale/catkin_ws/build/CMakeFiles/CMakeTmp

Run Build Command:"/usr/bin/make" "cmTC_ec003/fast"
/usr/bin/make -f CMakeFiles/cmTC_ec003.dir/build.make CMakeFiles/cmTC_ec003.dir/build
make[1]: se entra en el directorio '/home/sebastian/stability_scale/catkin_ws/build/CMakeFiles/CMakeTmp'
Building C object CMakeFiles/cmTC_ec003.dir/CheckSymbolExists.c.o
/usr/bin/cc     -o CMakeFiles/cmTC_ec003.dir/CheckSymbolExists.c.o   -c /home/sebastian/stability_scale/catkin_ws/build/CMakeFiles/CMakeTmp/CheckSymbolExists.c
Linking C executable cmTC_ec003
/usr/bin/cmake -E cmake_link_script CMakeFiles/cmTC_ec003.dir/link.txt --verbose=1
/usr/bin/cc       CMakeFiles/cmTC_ec003.dir/CheckSymbolExists.c.o  -o cmTC_ec003 -rdynamic 
CMakeFiles/cmTC_ec003.dir/CheckSymbolExists.c.o: En la función `main':
CheckSymbolExists.c:(.text+0x16): referencia a `pthread_create' sin definir
collect2: error: ld returned 1 exit status
CMakeFiles/cmTC_ec003.dir/build.make:97: fallo en las instrucciones para el objetivo 'cmTC_ec003'
make[1]: *** [cmTC_ec003] Error 1
make[1]: se sale del directorio '/home/sebastian/stability_scale/catkin_ws/build/CMakeFiles/CMakeTmp'
Makefile:126: fallo en las instrucciones para el objetivo 'cmTC_ec003/fast'
make: *** [cmTC_ec003/fast] Error 2

File /home/sebastian/stability_scale/catkin_ws/build/CMakeFiles/CMakeTmp/CheckSymbolExists.c:
/* */
#include <pthread.h>

int main(int argc, char** argv)
{
  (void)argv;
#ifndef pthread_create
  return ((int*)(&pthread_create))[argc];
#else
  (void)argc;
  return 0;
#endif
}

Determining if the function pthread_create exists in the pthreads failed with the following output:
Change Dir: /home/sebastian/stability_scale/catkin_ws/build/CMakeFiles/CMakeTmp

Run Build Command:"/usr/bin/make" "cmTC_80aab/fast"
/usr/bin/make -f CMakeFiles/cmTC_80aab.dir/build.make CMakeFiles/cmTC_80aab.dir/build
make[1]: se entra en el directorio '/home/sebastian/stability_scale/catkin_ws/build/CMakeFiles/CMakeTmp'
Building C object CMakeFiles/cmTC_80aab.dir/CheckFunctionExists.c.o
/usr/bin/cc    -DCHECK_FUNCTION_EXISTS=pthread_create   -o CMakeFiles/cmTC_80aab.dir/CheckFunctionExists.c.o   -c /usr/share/cmake-3.5/Modules/CheckFunctionExists.c
Linking C executable cmTC_80aab
/usr/bin/cmake -E cmake_link_script CMakeFiles/cmTC_80aab.dir/link.txt --verbose=1
/usr/bin/cc   -DCHECK_FUNCTION_EXISTS=pthread_create    CMakeFiles/cmTC_80aab.dir/CheckFunctionExists.c.o  -o cmTC_80aab -rdynamic -lpthreads 
/usr/bin/ld: no se puede encontrar -lpthreads
collect2: error: ld returned 1 exit status
CMakeFiles/cmTC_80aab.dir/build.make:97: fallo en las instrucciones para el objetivo 'cmTC_80aab'
make[1]: *** [cmTC_80aab] Error 1
make[1]: se sale del directorio '/home/sebastian/stability_scale/catkin_ws/build/CMakeFiles/CMakeTmp'
Makefile:126: fallo en las instrucciones para el objetivo 'cmTC_80aab/fast'
make: *** [cmTC_80aab/fast] Error 2


